{"C:\\Users\\RahmadSantoso\\1-Hacktiv8-hck88\\3-Phase-2\\Individual Project\\IP-HCK88-Rahmad\\server\\controllers\\authcontroller.js": {"path":"C:\\Users\\RahmadSantoso\\1-Hacktiv8-hck88\\3-Phase-2\\Individual Project\\IP-HCK88-Rahmad\\server\\controllers\\authcontroller.js","statementMap":{"0":{"start":{"line":1,"column":15},"end":{"line":1,"column":34}},"1":{"start":{"line":2,"column":11},"end":{"line":2,"column":31}},"2":{"start":{"line":3,"column":25},"end":{"line":3,"column":50}},"3":{"start":{"line":4,"column":25},"end":{"line":4,"column":55}},"4":{"start":{"line":6,"column":25},"end":{"line":6,"column":53}},"5":{"start":{"line":7,"column":15},"end":{"line":7,"column":49}},"6":{"start":{"line":9,"column":0},"end":{"line":88,"column":2}},"7":{"start":{"line":11,"column":4},"end":{"line":19,"column":28}},"8":{"start":{"line":12,"column":40},"end":{"line":12,"column":48}},"9":{"start":{"line":13,"column":6},"end":{"line":15,"column":7}},"10":{"start":{"line":14,"column":8},"end":{"line":14,"column":101}},"11":{"start":{"line":16,"column":19},"end":{"line":16,"column":48}},"12":{"start":{"line":17,"column":19},"end":{"line":17,"column":72}},"13":{"start":{"line":18,"column":6},"end":{"line":18,"column":63}},"14":{"start":{"line":19,"column":18},"end":{"line":19,"column":26}},"15":{"start":{"line":23,"column":4},"end":{"line":36,"column":5}},"16":{"start":{"line":24,"column":34},"end":{"line":24,"column":42}},"17":{"start":{"line":25,"column":6},"end":{"line":27,"column":7}},"18":{"start":{"line":26,"column":8},"end":{"line":26,"column":82}},"19":{"start":{"line":28,"column":19},"end":{"line":28,"column":62}},"20":{"start":{"line":29,"column":6},"end":{"line":31,"column":7}},"21":{"start":{"line":30,"column":8},"end":{"line":30,"column":42}},"22":{"start":{"line":32,"column":27},"end":{"line":32,"column":67}},"23":{"start":{"line":33,"column":6},"end":{"line":33,"column":33}},"24":{"start":{"line":35,"column":6},"end":{"line":35,"column":14}},"25":{"start":{"line":40,"column":4},"end":{"line":86,"column":5}},"26":{"start":{"line":41,"column":6},"end":{"line":41,"column":60}},"27":{"start":{"line":42,"column":29},"end":{"line":42,"column":37}},"28":{"start":{"line":44,"column":6},"end":{"line":47,"column":7}},"29":{"start":{"line":45,"column":8},"end":{"line":45,"column":63}},"30":{"start":{"line":46,"column":8},"end":{"line":46,"column":81}},"31":{"start":{"line":49,"column":6},"end":{"line":52,"column":7}},"32":{"start":{"line":50,"column":8},"end":{"line":50,"column":72}},"33":{"start":{"line":51,"column":8},"end":{"line":51,"column":78}},"34":{"start":{"line":54,"column":6},"end":{"line":54,"column":67}},"35":{"start":{"line":55,"column":21},"end":{"line":58,"column":8}},"36":{"start":{"line":60,"column":22},"end":{"line":60,"column":41}},"37":{"start":{"line":61,"column":39},"end":{"line":61,"column":46}},"38":{"start":{"line":62,"column":6},"end":{"line":62,"column":81}},"39":{"start":{"line":64,"column":17},"end":{"line":64,"column":60}},"40":{"start":{"line":66,"column":6},"end":{"line":76,"column":7}},"41":{"start":{"line":67,"column":8},"end":{"line":67,"column":68}},"42":{"start":{"line":68,"column":8},"end":{"line":72,"column":11}},"43":{"start":{"line":73,"column":8},"end":{"line":73,"column":65}},"44":{"start":{"line":75,"column":8},"end":{"line":75,"column":68}},"45":{"start":{"line":78,"column":27},"end":{"line":78,"column":67}},"46":{"start":{"line":79,"column":6},"end":{"line":79,"column":59}},"47":{"start":{"line":80,"column":6},"end":{"line":80,"column":92}},"48":{"start":{"line":83,"column":6},"end":{"line":83,"column":56}},"49":{"start":{"line":84,"column":6},"end":{"line":84,"column":60}},"50":{"start":{"line":85,"column":6},"end":{"line":85,"column":14}}},"fnMap":{"0":{"name":"(anonymous_0)","decl":{"start":{"line":10,"column":12},"end":{"line":10,"column":13}},"loc":{"start":{"line":10,"column":38},"end":{"line":20,"column":3}},"line":10},"1":{"name":"(anonymous_1)","decl":{"start":{"line":22,"column":9},"end":{"line":22,"column":10}},"loc":{"start":{"line":22,"column":35},"end":{"line":37,"column":3}},"line":22},"2":{"name":"(anonymous_2)","decl":{"start":{"line":39,"column":15},"end":{"line":39,"column":16}},"loc":{"start":{"line":39,"column":41},"end":{"line":87,"column":3}},"line":39}},"branchMap":{"0":{"loc":{"start":{"line":13,"column":6},"end":{"line":15,"column":7}},"type":"if","locations":[{"start":{"line":13,"column":6},"end":{"line":15,"column":7}},{"start":{},"end":{}}],"line":13},"1":{"loc":{"start":{"line":13,"column":10},"end":{"line":13,"column":29}},"type":"binary-expr","locations":[{"start":{"line":13,"column":10},"end":{"line":13,"column":16}},{"start":{"line":13,"column":20},"end":{"line":13,"column":29}}],"line":13},"2":{"loc":{"start":{"line":25,"column":6},"end":{"line":27,"column":7}},"type":"if","locations":[{"start":{"line":25,"column":6},"end":{"line":27,"column":7}},{"start":{},"end":{}}],"line":25},"3":{"loc":{"start":{"line":25,"column":10},"end":{"line":25,"column":29}},"type":"binary-expr","locations":[{"start":{"line":25,"column":10},"end":{"line":25,"column":16}},{"start":{"line":25,"column":20},"end":{"line":25,"column":29}}],"line":25},"4":{"loc":{"start":{"line":29,"column":6},"end":{"line":31,"column":7}},"type":"if","locations":[{"start":{"line":29,"column":6},"end":{"line":31,"column":7}},{"start":{},"end":{}}],"line":29},"5":{"loc":{"start":{"line":29,"column":10},"end":{"line":29,"column":63}},"type":"binary-expr","locations":[{"start":{"line":29,"column":10},"end":{"line":29,"column":15}},{"start":{"line":29,"column":19},"end":{"line":29,"column":63}}],"line":29},"6":{"loc":{"start":{"line":44,"column":6},"end":{"line":47,"column":7}},"type":"if","locations":[{"start":{"line":44,"column":6},"end":{"line":47,"column":7}},{"start":{},"end":{}}],"line":44},"7":{"loc":{"start":{"line":49,"column":6},"end":{"line":52,"column":7}},"type":"if","locations":[{"start":{"line":49,"column":6},"end":{"line":52,"column":7}},{"start":{},"end":{}}],"line":49},"8":{"loc":{"start":{"line":66,"column":6},"end":{"line":76,"column":7}},"type":"if","locations":[{"start":{"line":66,"column":6},"end":{"line":76,"column":7}},{"start":{"line":74,"column":13},"end":{"line":76,"column":7}}],"line":66},"9":{"loc":{"start":{"line":69,"column":16},"end":{"line":69,"column":43}},"type":"binary-expr","locations":[{"start":{"line":69,"column":16},"end":{"line":69,"column":20}},{"start":{"line":69,"column":24},"end":{"line":69,"column":43}}],"line":69}},"s":{"0":5,"1":5,"2":5,"3":5,"4":5,"5":5,"6":5,"7":7,"8":7,"9":7,"10":2,"11":5,"12":5,"13":4,"14":3,"15":7,"16":7,"17":7,"18":1,"19":6,"20":6,"21":2,"22":4,"23":4,"24":3,"25":0,"26":0,"27":0,"28":0,"29":0,"30":0,"31":0,"32":0,"33":0,"34":0,"35":0,"36":0,"37":0,"38":0,"39":0,"40":0,"41":0,"42":0,"43":0,"44":0,"45":0,"46":0,"47":0,"48":0,"49":0,"50":0},"f":{"0":7,"1":7,"2":0},"b":{"0":[2,5],"1":[7,6],"2":[1,6],"3":[7,6],"4":[2,4],"5":[6,5],"6":[0,0],"7":[0,0],"8":[0,0],"9":[0,0]},"_coverageSchema":"1a1c01bbd47fc00a2c39e90264f33305004495a9","hash":"7812db91eaf3acb5a860a88fe28b5f317322ee23"}
,"C:\\Users\\RahmadSantoso\\1-Hacktiv8-hck88\\3-Phase-2\\Individual Project\\IP-HCK88-Rahmad\\server\\controllers\\book.controller.js": {"path":"C:\\Users\\RahmadSantoso\\1-Hacktiv8-hck88\\3-Phase-2\\Individual Project\\IP-HCK88-Rahmad\\server\\controllers\\book.controller.js","statementMap":{"0":{"start":{"line":1,"column":11},"end":{"line":1,"column":31}},"1":{"start":{"line":2,"column":15},"end":{"line":2,"column":27}},"2":{"start":{"line":5,"column":0},"end":{"line":54,"column":2}},"3":{"start":{"line":7,"column":4},"end":{"line":17,"column":5}},"4":{"start":{"line":8,"column":6},"end":{"line":8,"column":74}},"5":{"start":{"line":9,"column":20},"end":{"line":9,"column":29}},"6":{"start":{"line":10,"column":20},"end":{"line":10,"column":64}},"7":{"start":{"line":11,"column":19},"end":{"line":11,"column":82}},"8":{"start":{"line":12,"column":6},"end":{"line":12,"column":67}},"9":{"start":{"line":13,"column":6},"end":{"line":13,"column":31}},"10":{"start":{"line":15,"column":6},"end":{"line":15,"column":51}},"11":{"start":{"line":16,"column":6},"end":{"line":16,"column":14}},"12":{"start":{"line":21,"column":4},"end":{"line":25,"column":28}},"13":{"start":{"line":22,"column":80},"end":{"line":22,"column":88}},"14":{"start":{"line":23,"column":18},"end":{"line":23,"column":105}},"15":{"start":{"line":24,"column":6},"end":{"line":24,"column":32}},"16":{"start":{"line":25,"column":18},"end":{"line":25,"column":26}},"17":{"start":{"line":29,"column":4},"end":{"line":33,"column":28}},"18":{"start":{"line":30,"column":18},"end":{"line":30,"column":55}},"19":{"start":{"line":31,"column":6},"end":{"line":31,"column":70}},"20":{"start":{"line":31,"column":16},"end":{"line":31,"column":70}},"21":{"start":{"line":32,"column":6},"end":{"line":32,"column":20}},"22":{"start":{"line":33,"column":18},"end":{"line":33,"column":26}},"23":{"start":{"line":37,"column":4},"end":{"line":43,"column":28}},"24":{"start":{"line":38,"column":18},"end":{"line":38,"column":55}},"25":{"start":{"line":39,"column":6},"end":{"line":39,"column":70}},"26":{"start":{"line":39,"column":16},"end":{"line":39,"column":70}},"27":{"start":{"line":40,"column":80},"end":{"line":40,"column":88}},"28":{"start":{"line":41,"column":6},"end":{"line":41,"column":90}},"29":{"start":{"line":42,"column":6},"end":{"line":42,"column":20}},"30":{"start":{"line":43,"column":18},"end":{"line":43,"column":26}},"31":{"start":{"line":47,"column":4},"end":{"line":52,"column":28}},"32":{"start":{"line":48,"column":18},"end":{"line":48,"column":55}},"33":{"start":{"line":49,"column":6},"end":{"line":49,"column":70}},"34":{"start":{"line":49,"column":16},"end":{"line":49,"column":70}},"35":{"start":{"line":50,"column":6},"end":{"line":50,"column":26}},"36":{"start":{"line":51,"column":6},"end":{"line":51,"column":28}},"37":{"start":{"line":52,"column":18},"end":{"line":52,"column":26}}},"fnMap":{"0":{"name":"(anonymous_0)","decl":{"start":{"line":6,"column":8},"end":{"line":6,"column":9}},"loc":{"start":{"line":6,"column":34},"end":{"line":18,"column":3}},"line":6},"1":{"name":"(anonymous_1)","decl":{"start":{"line":20,"column":10},"end":{"line":20,"column":11}},"loc":{"start":{"line":20,"column":36},"end":{"line":26,"column":3}},"line":20},"2":{"name":"(anonymous_2)","decl":{"start":{"line":28,"column":10},"end":{"line":28,"column":11}},"loc":{"start":{"line":28,"column":36},"end":{"line":34,"column":3}},"line":28},"3":{"name":"(anonymous_3)","decl":{"start":{"line":36,"column":10},"end":{"line":36,"column":11}},"loc":{"start":{"line":36,"column":36},"end":{"line":44,"column":3}},"line":36},"4":{"name":"(anonymous_4)","decl":{"start":{"line":46,"column":10},"end":{"line":46,"column":11}},"loc":{"start":{"line":46,"column":36},"end":{"line":53,"column":3}},"line":46}},"branchMap":{"0":{"loc":{"start":{"line":10,"column":20},"end":{"line":10,"column":64}},"type":"cond-expr","locations":[{"start":{"line":10,"column":24},"end":{"line":10,"column":59}},{"start":{"line":10,"column":62},"end":{"line":10,"column":64}}],"line":10},"1":{"loc":{"start":{"line":31,"column":6},"end":{"line":31,"column":70}},"type":"if","locations":[{"start":{"line":31,"column":6},"end":{"line":31,"column":70}},{"start":{},"end":{}}],"line":31},"2":{"loc":{"start":{"line":39,"column":6},"end":{"line":39,"column":70}},"type":"if","locations":[{"start":{"line":39,"column":6},"end":{"line":39,"column":70}},{"start":{},"end":{}}],"line":39},"3":{"loc":{"start":{"line":49,"column":6},"end":{"line":49,"column":70}},"type":"if","locations":[{"start":{"line":49,"column":6},"end":{"line":49,"column":70}},{"start":{},"end":{}}],"line":49}},"s":{"0":5,"1":5,"2":5,"3":8,"4":8,"5":8,"6":8,"7":8,"8":8,"9":8,"10":0,"11":0,"12":0,"13":0,"14":0,"15":0,"16":0,"17":2,"18":2,"19":2,"20":1,"21":1,"22":0,"23":0,"24":0,"25":0,"26":0,"27":0,"28":0,"29":0,"30":0,"31":0,"32":0,"33":0,"34":0,"35":0,"36":0,"37":0},"f":{"0":8,"1":0,"2":2,"3":0,"4":0},"b":{"0":[1,7],"1":[1,1],"2":[0,0],"3":[0,0]},"_coverageSchema":"1a1c01bbd47fc00a2c39e90264f33305004495a9","hash":"e8a7f55a6f6c61e5bacd635da53d3dac0b04f13e"}
,"C:\\Users\\RahmadSantoso\\1-Hacktiv8-hck88\\3-Phase-2\\Individual Project\\IP-HCK88-Rahmad\\server\\controllers\\entry.controller.js": {"path":"C:\\Users\\RahmadSantoso\\1-Hacktiv8-hck88\\3-Phase-2\\Individual Project\\IP-HCK88-Rahmad\\server\\controllers\\entry.controller.js","statementMap":{"0":{"start":{"line":1,"column":11},"end":{"line":1,"column":31}},"1":{"start":{"line":4,"column":0},"end":{"line":111,"column":2}},"2":{"start":{"line":6,"column":4},"end":{"line":12,"column":28}},"3":{"start":{"line":7,"column":19},"end":{"line":10,"column":8}},"4":{"start":{"line":11,"column":6},"end":{"line":11,"column":31}},"5":{"start":{"line":12,"column":18},"end":{"line":12,"column":26}},"6":{"start":{"line":16,"column":4},"end":{"line":78,"column":5}},"7":{"start":{"line":17,"column":6},"end":{"line":17,"column":60}},"8":{"start":{"line":18,"column":6},"end":{"line":18,"column":58}},"9":{"start":{"line":20,"column":58},"end":{"line":20,"column":66}},"10":{"start":{"line":23,"column":6},"end":{"line":25,"column":7}},"11":{"start":{"line":24,"column":8},"end":{"line":24,"column":75}},"12":{"start":{"line":28,"column":25},"end":{"line":28,"column":65}},"13":{"start":{"line":29,"column":6},"end":{"line":33,"column":7}},"14":{"start":{"line":30,"column":8},"end":{"line":32,"column":11}},"15":{"start":{"line":35,"column":17},"end":{"line":35,"column":94}},"16":{"start":{"line":36,"column":6},"end":{"line":36,"column":78}},"17":{"start":{"line":38,"column":6},"end":{"line":42,"column":7}},"18":{"start":{"line":39,"column":8},"end":{"line":41,"column":11}},"19":{"start":{"line":44,"column":6},"end":{"line":44,"column":68}},"20":{"start":{"line":46,"column":24},"end":{"line":46,"column":98}},"21":{"start":{"line":47,"column":26},"end":{"line":47,"column":108}},"22":{"start":{"line":50,"column":6},"end":{"line":52,"column":7}},"23":{"start":{"line":51,"column":8},"end":{"line":51,"column":72}},"24":{"start":{"line":53,"column":6},"end":{"line":55,"column":7}},"25":{"start":{"line":54,"column":8},"end":{"line":54,"column":67}},"26":{"start":{"line":57,"column":18},"end":{"line":63,"column":8}},"27":{"start":{"line":65,"column":28},"end":{"line":70,"column":8}},"28":{"start":{"line":72,"column":6},"end":{"line":72,"column":63}},"29":{"start":{"line":73,"column":6},"end":{"line":73,"column":42}},"30":{"start":{"line":75,"column":6},"end":{"line":75,"column":56}},"31":{"start":{"line":76,"column":6},"end":{"line":76,"column":54}},"32":{"start":{"line":77,"column":6},"end":{"line":77,"column":14}},"33":{"start":{"line":82,"column":4},"end":{"line":100,"column":28}},"34":{"start":{"line":83,"column":18},"end":{"line":83,"column":92}},"35":{"start":{"line":84,"column":6},"end":{"line":84,"column":109}},"36":{"start":{"line":84,"column":55},"end":{"line":84,"column":109}},"37":{"start":{"line":85,"column":46},"end":{"line":85,"column":54}},"38":{"start":{"line":87,"column":24},"end":{"line":87,"column":98}},"39":{"start":{"line":88,"column":26},"end":{"line":88,"column":108}},"40":{"start":{"line":91,"column":6},"end":{"line":93,"column":7}},"41":{"start":{"line":92,"column":8},"end":{"line":92,"column":72}},"42":{"start":{"line":94,"column":6},"end":{"line":96,"column":7}},"43":{"start":{"line":95,"column":8},"end":{"line":95,"column":67}},"44":{"start":{"line":98,"column":6},"end":{"line":98,"column":80}},"45":{"start":{"line":99,"column":6},"end":{"line":99,"column":20}},"46":{"start":{"line":100,"column":18},"end":{"line":100,"column":26}},"47":{"start":{"line":104,"column":4},"end":{"line":109,"column":28}},"48":{"start":{"line":105,"column":18},"end":{"line":105,"column":92}},"49":{"start":{"line":106,"column":4},"end":{"line":106,"column":107}},"50":{"start":{"line":106,"column":53},"end":{"line":106,"column":107}},"51":{"start":{"line":107,"column":6},"end":{"line":107,"column":26}},"52":{"start":{"line":108,"column":6},"end":{"line":108,"column":28}},"53":{"start":{"line":109,"column":18},"end":{"line":109,"column":26}}},"fnMap":{"0":{"name":"(anonymous_0)","decl":{"start":{"line":5,"column":8},"end":{"line":5,"column":9}},"loc":{"start":{"line":5,"column":34},"end":{"line":13,"column":3}},"line":5},"1":{"name":"(anonymous_1)","decl":{"start":{"line":15,"column":10},"end":{"line":15,"column":11}},"loc":{"start":{"line":15,"column":36},"end":{"line":79,"column":3}},"line":15},"2":{"name":"(anonymous_2)","decl":{"start":{"line":81,"column":10},"end":{"line":81,"column":11}},"loc":{"start":{"line":81,"column":36},"end":{"line":101,"column":3}},"line":81},"3":{"name":"(anonymous_3)","decl":{"start":{"line":103,"column":10},"end":{"line":103,"column":11}},"loc":{"start":{"line":103,"column":36},"end":{"line":110,"column":3}},"line":103}},"branchMap":{"0":{"loc":{"start":{"line":23,"column":6},"end":{"line":25,"column":7}},"type":"if","locations":[{"start":{"line":23,"column":6},"end":{"line":25,"column":7}},{"start":{},"end":{}}],"line":23},"1":{"loc":{"start":{"line":29,"column":6},"end":{"line":33,"column":7}},"type":"if","locations":[{"start":{"line":29,"column":6},"end":{"line":33,"column":7}},{"start":{},"end":{}}],"line":29},"2":{"loc":{"start":{"line":29,"column":10},"end":{"line":29,"column":45}},"type":"binary-expr","locations":[{"start":{"line":29,"column":10},"end":{"line":29,"column":15}},{"start":{"line":29,"column":19},"end":{"line":29,"column":45}}],"line":29},"3":{"loc":{"start":{"line":36,"column":52},"end":{"line":36,"column":76}},"type":"cond-expr","locations":[{"start":{"line":36,"column":57},"end":{"line":36,"column":62}},{"start":{"line":36,"column":65},"end":{"line":36,"column":76}}],"line":36},"4":{"loc":{"start":{"line":38,"column":6},"end":{"line":42,"column":7}},"type":"if","locations":[{"start":{"line":38,"column":6},"end":{"line":42,"column":7}},{"start":{},"end":{}}],"line":38},"5":{"loc":{"start":{"line":46,"column":24},"end":{"line":46,"column":98}},"type":"cond-expr","locations":[{"start":{"line":46,"column":77},"end":{"line":46,"column":81}},{"start":{"line":46,"column":84},"end":{"line":46,"column":98}}],"line":46},"6":{"loc":{"start":{"line":46,"column":24},"end":{"line":46,"column":74}},"type":"binary-expr","locations":[{"start":{"line":46,"column":24},"end":{"line":46,"column":35}},{"start":{"line":46,"column":39},"end":{"line":46,"column":52}},{"start":{"line":46,"column":56},"end":{"line":46,"column":74}}],"line":46},"7":{"loc":{"start":{"line":47,"column":26},"end":{"line":47,"column":108}},"type":"cond-expr","locations":[{"start":{"line":47,"column":85},"end":{"line":47,"column":89}},{"start":{"line":47,"column":92},"end":{"line":47,"column":108}}],"line":47},"8":{"loc":{"start":{"line":47,"column":26},"end":{"line":47,"column":82}},"type":"binary-expr","locations":[{"start":{"line":47,"column":26},"end":{"line":47,"column":39}},{"start":{"line":47,"column":43},"end":{"line":47,"column":58}},{"start":{"line":47,"column":62},"end":{"line":47,"column":82}}],"line":47},"9":{"loc":{"start":{"line":50,"column":6},"end":{"line":52,"column":7}},"type":"if","locations":[{"start":{"line":50,"column":6},"end":{"line":52,"column":7}},{"start":{},"end":{}}],"line":50},"10":{"loc":{"start":{"line":50,"column":10},"end":{"line":50,"column":48}},"type":"binary-expr","locations":[{"start":{"line":50,"column":10},"end":{"line":50,"column":28}},{"start":{"line":50,"column":32},"end":{"line":50,"column":48}}],"line":50},"11":{"loc":{"start":{"line":53,"column":6},"end":{"line":55,"column":7}},"type":"if","locations":[{"start":{"line":53,"column":6},"end":{"line":55,"column":7}},{"start":{},"end":{}}],"line":53},"12":{"loc":{"start":{"line":53,"column":10},"end":{"line":53,"column":52}},"type":"binary-expr","locations":[{"start":{"line":53,"column":10},"end":{"line":53,"column":30}},{"start":{"line":53,"column":34},"end":{"line":53,"column":52}}],"line":53},"13":{"loc":{"start":{"line":84,"column":6},"end":{"line":84,"column":109}},"type":"if","locations":[{"start":{"line":84,"column":6},"end":{"line":84,"column":109}},{"start":{},"end":{}}],"line":84},"14":{"loc":{"start":{"line":84,"column":10},"end":{"line":84,"column":53}},"type":"binary-expr","locations":[{"start":{"line":84,"column":10},"end":{"line":84,"column":14}},{"start":{"line":84,"column":18},"end":{"line":84,"column":53}}],"line":84},"15":{"loc":{"start":{"line":87,"column":24},"end":{"line":87,"column":98}},"type":"cond-expr","locations":[{"start":{"line":87,"column":77},"end":{"line":87,"column":81}},{"start":{"line":87,"column":84},"end":{"line":87,"column":98}}],"line":87},"16":{"loc":{"start":{"line":87,"column":24},"end":{"line":87,"column":74}},"type":"binary-expr","locations":[{"start":{"line":87,"column":24},"end":{"line":87,"column":35}},{"start":{"line":87,"column":39},"end":{"line":87,"column":52}},{"start":{"line":87,"column":56},"end":{"line":87,"column":74}}],"line":87},"17":{"loc":{"start":{"line":88,"column":26},"end":{"line":88,"column":108}},"type":"cond-expr","locations":[{"start":{"line":88,"column":85},"end":{"line":88,"column":89}},{"start":{"line":88,"column":92},"end":{"line":88,"column":108}}],"line":88},"18":{"loc":{"start":{"line":88,"column":26},"end":{"line":88,"column":82}},"type":"binary-expr","locations":[{"start":{"line":88,"column":26},"end":{"line":88,"column":39}},{"start":{"line":88,"column":43},"end":{"line":88,"column":58}},{"start":{"line":88,"column":62},"end":{"line":88,"column":82}}],"line":88},"19":{"loc":{"start":{"line":91,"column":6},"end":{"line":93,"column":7}},"type":"if","locations":[{"start":{"line":91,"column":6},"end":{"line":93,"column":7}},{"start":{},"end":{}}],"line":91},"20":{"loc":{"start":{"line":91,"column":10},"end":{"line":91,"column":48}},"type":"binary-expr","locations":[{"start":{"line":91,"column":10},"end":{"line":91,"column":28}},{"start":{"line":91,"column":32},"end":{"line":91,"column":48}}],"line":91},"21":{"loc":{"start":{"line":94,"column":6},"end":{"line":96,"column":7}},"type":"if","locations":[{"start":{"line":94,"column":6},"end":{"line":96,"column":7}},{"start":{},"end":{}}],"line":94},"22":{"loc":{"start":{"line":94,"column":10},"end":{"line":94,"column":52}},"type":"binary-expr","locations":[{"start":{"line":94,"column":10},"end":{"line":94,"column":30}},{"start":{"line":94,"column":34},"end":{"line":94,"column":52}}],"line":94},"23":{"loc":{"start":{"line":106,"column":4},"end":{"line":106,"column":107}},"type":"if","locations":[{"start":{"line":106,"column":4},"end":{"line":106,"column":107}},{"start":{},"end":{}}],"line":106},"24":{"loc":{"start":{"line":106,"column":8},"end":{"line":106,"column":51}},"type":"binary-expr","locations":[{"start":{"line":106,"column":8},"end":{"line":106,"column":12}},{"start":{"line":106,"column":16},"end":{"line":106,"column":51}}],"line":106}},"s":{"0":5,"1":5,"2":1,"3":1,"4":1,"5":0,"6":4,"7":4,"8":4,"9":4,"10":4,"11":1,"12":3,"13":3,"14":1,"15":2,"16":2,"17":2,"18":0,"19":2,"20":2,"21":2,"22":2,"23":0,"24":2,"25":0,"26":2,"27":2,"28":2,"29":2,"30":0,"31":0,"32":0,"33":2,"34":2,"35":2,"36":1,"37":1,"38":1,"39":1,"40":1,"41":0,"42":1,"43":0,"44":1,"45":1,"46":0,"47":2,"48":2,"49":2,"50":1,"51":1,"52":1,"53":0},"f":{"0":1,"1":4,"2":2,"3":2},"b":{"0":[1,3],"1":[1,2],"2":[3,3],"3":[2,0],"4":[0,2],"5":[1,1],"6":[2,1,1],"7":[2,0],"8":[2,2,2],"9":[0,2],"10":[2,1],"11":[0,2],"12":[2,0],"13":[1,1],"14":[2,1],"15":[0,1],"16":[1,1,1],"17":[0,1],"18":[1,1,1],"19":[0,1],"20":[1,1],"21":[0,1],"22":[1,1],"23":[1,1],"24":[2,1]},"_coverageSchema":"1a1c01bbd47fc00a2c39e90264f33305004495a9","hash":"6a7932737e9ebee655b1da87df37105618b56d1c"}
,"C:\\Users\\RahmadSantoso\\1-Hacktiv8-hck88\\3-Phase-2\\Individual Project\\IP-HCK88-Rahmad\\server\\controllers\\favoritesController.js": {"path":"C:\\Users\\RahmadSantoso\\1-Hacktiv8-hck88\\3-Phase-2\\Individual Project\\IP-HCK88-Rahmad\\server\\controllers\\favoritesController.js","statementMap":{"0":{"start":{"line":1,"column":21},"end":{"line":1,"column":41}},"1":{"start":{"line":3,"column":0},"end":{"line":53,"column":1}},"2":{"start":{"line":5,"column":4},"end":{"line":21,"column":5}},"3":{"start":{"line":6,"column":21},"end":{"line":6,"column":32}},"4":{"start":{"line":8,"column":24},"end":{"line":14,"column":8}},"5":{"start":{"line":16,"column":22},"end":{"line":16,"column":50}},"6":{"start":{"line":16,"column":41},"end":{"line":16,"column":49}},"7":{"start":{"line":17,"column":6},"end":{"line":17,"column":27}},"8":{"start":{"line":20,"column":6},"end":{"line":20,"column":13}},"9":{"start":{"line":25,"column":4},"end":{"line":51,"column":5}},"10":{"start":{"line":26,"column":21},"end":{"line":26,"column":32}},"11":{"start":{"line":27,"column":21},"end":{"line":27,"column":39}},"12":{"start":{"line":29,"column":34},"end":{"line":37,"column":8}},"13":{"start":{"line":39,"column":6},"end":{"line":42,"column":7}},"14":{"start":{"line":40,"column":8},"end":{"line":40,"column":50}},"15":{"start":{"line":41,"column":8},"end":{"line":41,"column":29}},"16":{"start":{"line":44,"column":6},"end":{"line":47,"column":8}},"17":{"start":{"line":50,"column":6},"end":{"line":50,"column":13}}},"fnMap":{"0":{"name":"(anonymous_0)","decl":{"start":{"line":4,"column":16},"end":{"line":4,"column":17}},"loc":{"start":{"line":4,"column":42},"end":{"line":22,"column":3}},"line":4},"1":{"name":"(anonymous_1)","decl":{"start":{"line":16,"column":36},"end":{"line":16,"column":37}},"loc":{"start":{"line":16,"column":41},"end":{"line":16,"column":49}},"line":16},"2":{"name":"(anonymous_2)","decl":{"start":{"line":24,"column":18},"end":{"line":24,"column":19}},"loc":{"start":{"line":24,"column":44},"end":{"line":52,"column":3}},"line":24}},"branchMap":{"0":{"loc":{"start":{"line":39,"column":6},"end":{"line":42,"column":7}},"type":"if","locations":[{"start":{"line":39,"column":6},"end":{"line":42,"column":7}},{"start":{},"end":{}}],"line":39}},"s":{"0":5,"1":5,"2":1,"3":1,"4":1,"5":1,"6":0,"7":1,"8":0,"9":3,"10":3,"11":3,"12":3,"13":3,"14":2,"15":2,"16":3,"17":0},"f":{"0":1,"1":0,"2":3},"b":{"0":[2,1]},"_coverageSchema":"1a1c01bbd47fc00a2c39e90264f33305004495a9","hash":"d9f6e7bd103cfdbbbd031e5ad36ec0467d17bb24"}
,"C:\\Users\\RahmadSantoso\\1-Hacktiv8-hck88\\3-Phase-2\\Individual Project\\IP-HCK88-Rahmad\\server\\controllers\\userBook.controller.js": {"path":"C:\\Users\\RahmadSantoso\\1-Hacktiv8-hck88\\3-Phase-2\\Individual Project\\IP-HCK88-Rahmad\\server\\controllers\\userBook.controller.js","statementMap":{"0":{"start":{"line":1,"column":11},"end":{"line":1,"column":31}},"1":{"start":{"line":4,"column":0},"end":{"line":72,"column":2}},"2":{"start":{"line":6,"column":4},"end":{"line":13,"column":28}},"3":{"start":{"line":7,"column":19},"end":{"line":11,"column":8}},"4":{"start":{"line":12,"column":6},"end":{"line":12,"column":31}},"5":{"start":{"line":13,"column":18},"end":{"line":13,"column":26}},"6":{"start":{"line":17,"column":4},"end":{"line":42,"column":5}},"7":{"start":{"line":18,"column":57},"end":{"line":18,"column":65}},"8":{"start":{"line":21,"column":28},"end":{"line":21,"column":68}},"9":{"start":{"line":22,"column":6},"end":{"line":26,"column":7}},"10":{"start":{"line":23,"column":8},"end":{"line":25,"column":11}},"11":{"start":{"line":28,"column":31},"end":{"line":28,"column":133}},"12":{"start":{"line":30,"column":18},"end":{"line":36,"column":8}},"13":{"start":{"line":38,"column":6},"end":{"line":38,"column":32}},"14":{"start":{"line":40,"column":6},"end":{"line":40,"column":57}},"15":{"start":{"line":41,"column":6},"end":{"line":41,"column":14}},"16":{"start":{"line":46,"column":4},"end":{"line":61,"column":28}},"17":{"start":{"line":47,"column":18},"end":{"line":47,"column":98}},"18":{"start":{"line":48,"column":6},"end":{"line":48,"column":70}},"19":{"start":{"line":48,"column":16},"end":{"line":48,"column":70}},"20":{"start":{"line":49,"column":61},"end":{"line":49,"column":69}},"21":{"start":{"line":51,"column":31},"end":{"line":51,"column":133}},"22":{"start":{"line":53,"column":6},"end":{"line":58,"column":9}},"23":{"start":{"line":60,"column":6},"end":{"line":60,"column":20}},"24":{"start":{"line":61,"column":18},"end":{"line":61,"column":26}},"25":{"start":{"line":65,"column":4},"end":{"line":70,"column":28}},"26":{"start":{"line":66,"column":18},"end":{"line":66,"column":98}},"27":{"start":{"line":67,"column":6},"end":{"line":67,"column":70}},"28":{"start":{"line":67,"column":16},"end":{"line":67,"column":70}},"29":{"start":{"line":68,"column":6},"end":{"line":68,"column":26}},"30":{"start":{"line":69,"column":6},"end":{"line":69,"column":55}},"31":{"start":{"line":70,"column":18},"end":{"line":70,"column":26}}},"fnMap":{"0":{"name":"(anonymous_0)","decl":{"start":{"line":5,"column":11},"end":{"line":5,"column":12}},"loc":{"start":{"line":5,"column":37},"end":{"line":14,"column":3}},"line":5},"1":{"name":"(anonymous_1)","decl":{"start":{"line":16,"column":7},"end":{"line":16,"column":8}},"loc":{"start":{"line":16,"column":33},"end":{"line":43,"column":3}},"line":16},"2":{"name":"(anonymous_2)","decl":{"start":{"line":45,"column":10},"end":{"line":45,"column":11}},"loc":{"start":{"line":45,"column":36},"end":{"line":62,"column":3}},"line":45},"3":{"name":"(anonymous_3)","decl":{"start":{"line":64,"column":10},"end":{"line":64,"column":11}},"loc":{"start":{"line":64,"column":36},"end":{"line":71,"column":3}},"line":64}},"branchMap":{"0":{"loc":{"start":{"line":22,"column":6},"end":{"line":26,"column":7}},"type":"if","locations":[{"start":{"line":22,"column":6},"end":{"line":26,"column":7}},{"start":{},"end":{}}],"line":22},"1":{"loc":{"start":{"line":22,"column":10},"end":{"line":22,"column":51}},"type":"binary-expr","locations":[{"start":{"line":22,"column":10},"end":{"line":22,"column":16}},{"start":{"line":22,"column":20},"end":{"line":22,"column":51}}],"line":22},"2":{"loc":{"start":{"line":28,"column":31},"end":{"line":28,"column":133}},"type":"cond-expr","locations":[{"start":{"line":28,"column":105},"end":{"line":28,"column":109}},{"start":{"line":28,"column":112},"end":{"line":28,"column":133}}],"line":28},"3":{"loc":{"start":{"line":28,"column":31},"end":{"line":28,"column":102}},"type":"binary-expr","locations":[{"start":{"line":28,"column":31},"end":{"line":28,"column":49}},{"start":{"line":28,"column":53},"end":{"line":28,"column":73}},{"start":{"line":28,"column":77},"end":{"line":28,"column":102}}],"line":28},"4":{"loc":{"start":{"line":34,"column":19},"end":{"line":34,"column":36}},"type":"binary-expr","locations":[{"start":{"line":34,"column":19},"end":{"line":34,"column":28}},{"start":{"line":34,"column":32},"end":{"line":34,"column":36}}],"line":34},"5":{"loc":{"start":{"line":48,"column":6},"end":{"line":48,"column":70}},"type":"if","locations":[{"start":{"line":48,"column":6},"end":{"line":48,"column":70}},{"start":{},"end":{}}],"line":48},"6":{"loc":{"start":{"line":51,"column":31},"end":{"line":51,"column":133}},"type":"cond-expr","locations":[{"start":{"line":51,"column":105},"end":{"line":51,"column":109}},{"start":{"line":51,"column":112},"end":{"line":51,"column":133}}],"line":51},"7":{"loc":{"start":{"line":51,"column":31},"end":{"line":51,"column":102}},"type":"binary-expr","locations":[{"start":{"line":51,"column":31},"end":{"line":51,"column":49}},{"start":{"line":51,"column":53},"end":{"line":51,"column":73}},{"start":{"line":51,"column":77},"end":{"line":51,"column":102}}],"line":51},"8":{"loc":{"start":{"line":55,"column":19},"end":{"line":55,"column":36}},"type":"binary-expr","locations":[{"start":{"line":55,"column":19},"end":{"line":55,"column":28}},{"start":{"line":55,"column":32},"end":{"line":55,"column":36}}],"line":55},"9":{"loc":{"start":{"line":67,"column":6},"end":{"line":67,"column":70}},"type":"if","locations":[{"start":{"line":67,"column":6},"end":{"line":67,"column":70}},{"start":{},"end":{}}],"line":67}},"s":{"0":5,"1":5,"2":1,"3":1,"4":1,"5":0,"6":4,"7":4,"8":4,"9":4,"10":2,"11":2,"12":2,"13":2,"14":0,"15":0,"16":2,"17":2,"18":2,"19":0,"20":2,"21":2,"22":2,"23":2,"24":0,"25":2,"26":2,"27":2,"28":1,"29":1,"30":1,"31":0},"f":{"0":1,"1":4,"2":2,"3":2},"b":{"0":[2,2],"1":[4,4],"2":[2,0],"3":[2,2,2],"4":[2,2],"5":[0,2],"6":[1,1],"7":[2,2,2],"8":[2,2],"9":[1,1]},"_coverageSchema":"1a1c01bbd47fc00a2c39e90264f33305004495a9","hash":"70070f8f85ecb0de484cb17c05f294ee4229f3df"}
,"C:\\Users\\RahmadSantoso\\1-Hacktiv8-hck88\\3-Phase-2\\Individual Project\\IP-HCK88-Rahmad\\server\\helpers\\jwt.js": {"path":"C:\\Users\\RahmadSantoso\\1-Hacktiv8-hck88\\3-Phase-2\\Individual Project\\IP-HCK88-Rahmad\\server\\helpers\\jwt.js","statementMap":{"0":{"start":{"line":1,"column":12},"end":{"line":1,"column":35}},"1":{"start":{"line":2,"column":15},"end":{"line":2,"column":52}},"2":{"start":{"line":3,"column":19},"end":{"line":3,"column":53}},"3":{"start":{"line":5,"column":0},"end":{"line":5,"column":81}},"4":{"start":{"line":5,"column":28},"end":{"line":5,"column":80}},"5":{"start":{"line":6,"column":0},"end":{"line":6,"column":54}},"6":{"start":{"line":6,"column":28},"end":{"line":6,"column":53}}},"fnMap":{"0":{"name":"(anonymous_0)","decl":{"start":{"line":5,"column":15},"end":{"line":5,"column":16}},"loc":{"start":{"line":5,"column":28},"end":{"line":5,"column":80}},"line":5},"1":{"name":"(anonymous_1)","decl":{"start":{"line":6,"column":17},"end":{"line":6,"column":18}},"loc":{"start":{"line":6,"column":28},"end":{"line":6,"column":53}},"line":6}},"branchMap":{"0":{"loc":{"start":{"line":2,"column":15},"end":{"line":2,"column":52}},"type":"binary-expr","locations":[{"start":{"line":2,"column":15},"end":{"line":2,"column":37}},{"start":{"line":2,"column":41},"end":{"line":2,"column":52}}],"line":2},"1":{"loc":{"start":{"line":3,"column":19},"end":{"line":3,"column":53}},"type":"binary-expr","locations":[{"start":{"line":3,"column":19},"end":{"line":3,"column":45}},{"start":{"line":3,"column":49},"end":{"line":3,"column":53}}],"line":3}},"s":{"0":5,"1":5,"2":5,"3":5,"4":4,"5":5,"6":22},"f":{"0":4,"1":22},"b":{"0":[5,5],"1":[5,5]},"_coverageSchema":"1a1c01bbd47fc00a2c39e90264f33305004495a9","hash":"49fd21b94ec0295398f49f93d5402c84f7a59ea2"}
,"C:\\Users\\RahmadSantoso\\1-Hacktiv8-hck88\\3-Phase-2\\Individual Project\\IP-HCK88-Rahmad\\server\\middlewares\\auth.js": {"path":"C:\\Users\\RahmadSantoso\\1-Hacktiv8-hck88\\3-Phase-2\\Individual Project\\IP-HCK88-Rahmad\\server\\middlewares\\auth.js","statementMap":{"0":{"start":{"line":1,"column":19},"end":{"line":1,"column":44}},"1":{"start":{"line":2,"column":11},"end":{"line":2,"column":31}},"2":{"start":{"line":4,"column":0},"end":{"line":15,"column":2}},"3":{"start":{"line":5,"column":2},"end":{"line":14,"column":26}},"4":{"start":{"line":6,"column":19},"end":{"line":6,"column":44}},"5":{"start":{"line":7,"column":4},"end":{"line":7,"column":51}},"6":{"start":{"line":7,"column":17},"end":{"line":7,"column":51}},"7":{"start":{"line":8,"column":18},"end":{"line":8,"column":51}},"8":{"start":{"line":9,"column":20},"end":{"line":9,"column":33}},"9":{"start":{"line":10,"column":17},"end":{"line":10,"column":51}},"10":{"start":{"line":11,"column":4},"end":{"line":11,"column":49}},"11":{"start":{"line":11,"column":15},"end":{"line":11,"column":49}},"12":{"start":{"line":12,"column":4},"end":{"line":12,"column":67}},"13":{"start":{"line":13,"column":4},"end":{"line":13,"column":11}},"14":{"start":{"line":14,"column":16},"end":{"line":14,"column":24}}},"fnMap":{"0":{"name":"(anonymous_0)","decl":{"start":{"line":4,"column":17},"end":{"line":4,"column":18}},"loc":{"start":{"line":4,"column":43},"end":{"line":15,"column":1}},"line":4}},"branchMap":{"0":{"loc":{"start":{"line":7,"column":4},"end":{"line":7,"column":51}},"type":"if","locations":[{"start":{"line":7,"column":4},"end":{"line":7,"column":51}},{"start":{},"end":{}}],"line":7},"1":{"loc":{"start":{"line":11,"column":4},"end":{"line":11,"column":49}},"type":"if","locations":[{"start":{"line":11,"column":4},"end":{"line":11,"column":49}},{"start":{},"end":{}}],"line":11}},"s":{"0":5,"1":5,"2":5,"3":32,"4":32,"5":32,"6":10,"7":22,"8":22,"9":22,"10":22,"11":0,"12":22,"13":22,"14":10},"f":{"0":32},"b":{"0":[10,22],"1":[0,22]},"_coverageSchema":"1a1c01bbd47fc00a2c39e90264f33305004495a9","hash":"44b9247f7fe0130ef95508f1598e106f4d301780"}
,"C:\\Users\\RahmadSantoso\\1-Hacktiv8-hck88\\3-Phase-2\\Individual Project\\IP-HCK88-Rahmad\\server\\middlewares\\errorHandler.js": {"path":"C:\\Users\\RahmadSantoso\\1-Hacktiv8-hck88\\3-Phase-2\\Individual Project\\IP-HCK88-Rahmad\\server\\middlewares\\errorHandler.js","statementMap":{"0":{"start":{"line":1,"column":0},"end":{"line":16,"column":2}},"1":{"start":{"line":2,"column":2},"end":{"line":2,"column":41}},"2":{"start":{"line":3,"column":2},"end":{"line":3,"column":41}},"3":{"start":{"line":4,"column":2},"end":{"line":4,"column":47}},"4":{"start":{"line":5,"column":2},"end":{"line":5,"column":37}},"5":{"start":{"line":6,"column":2},"end":{"line":6,"column":40}},"6":{"start":{"line":8,"column":14},"end":{"line":13,"column":3}},"7":{"start":{"line":14,"column":28},"end":{"line":14,"column":75}},"8":{"start":{"line":15,"column":2},"end":{"line":15,"column":39}}},"fnMap":{"0":{"name":"(anonymous_0)","decl":{"start":{"line":1,"column":17},"end":{"line":1,"column":18}},"loc":{"start":{"line":1,"column":43},"end":{"line":16,"column":1}},"line":1}},"branchMap":{"0":{"loc":{"start":{"line":11,"column":42},"end":{"line":11,"column":96}},"type":"binary-expr","locations":[{"start":{"line":11,"column":42},"end":{"line":11,"column":67}},{"start":{"line":11,"column":71},"end":{"line":11,"column":96}}],"line":11},"1":{"loc":{"start":{"line":12,"column":36},"end":{"line":12,"column":83}},"type":"binary-expr","locations":[{"start":{"line":12,"column":36},"end":{"line":12,"column":61}},{"start":{"line":12,"column":65},"end":{"line":12,"column":83}}],"line":12},"2":{"loc":{"start":{"line":14,"column":28},"end":{"line":14,"column":75}},"type":"binary-expr","locations":[{"start":{"line":14,"column":28},"end":{"line":14,"column":41}},{"start":{"line":14,"column":45},"end":{"line":14,"column":75}}],"line":14}},"s":{"0":5,"1":16,"2":16,"3":16,"4":16,"5":16,"6":16,"7":16,"8":16},"f":{"0":16},"b":{"0":[16,13],"1":[16,13],"2":[16,0]},"_coverageSchema":"1a1c01bbd47fc00a2c39e90264f33305004495a9","hash":"66fe3bad1064be61c436c508ccb944508f848bc0"}
}
