TN:
SF:controllers\authcontroller.js
FN:10,(anonymous_0)
FN:22,(anonymous_1)
FN:39,(anonymous_2)
FNF:3
FNH:2
FNDA:7,(anonymous_0)
FNDA:7,(anonymous_1)
FNDA:0,(anonymous_2)
DA:1,5
DA:2,5
DA:3,5
DA:4,5
DA:6,5
DA:7,5
DA:9,5
DA:11,7
DA:12,7
DA:13,7
DA:14,2
DA:16,5
DA:17,5
DA:18,4
DA:19,3
DA:23,7
DA:24,7
DA:25,7
DA:26,1
DA:28,6
DA:29,6
DA:30,2
DA:32,4
DA:33,4
DA:35,3
DA:40,0
DA:41,0
DA:42,0
DA:44,0
DA:45,0
DA:46,0
DA:49,0
DA:50,0
DA:51,0
DA:54,0
DA:55,0
DA:60,0
DA:61,0
DA:62,0
DA:64,0
DA:66,0
DA:67,0
DA:68,0
DA:73,0
DA:75,0
DA:78,0
DA:79,0
DA:80,0
DA:83,0
DA:84,0
DA:85,0
LF:51
LH:25
BRDA:13,0,0,2
BRDA:13,0,1,5
BRDA:13,1,0,7
BRDA:13,1,1,6
BRDA:25,2,0,1
BRDA:25,2,1,6
BRDA:25,3,0,7
BRDA:25,3,1,6
BRDA:29,4,0,2
BRDA:29,4,1,4
BRDA:29,5,0,6
BRDA:29,5,1,5
BRDA:44,6,0,0
BRDA:44,6,1,0
BRDA:49,7,0,0
BRDA:49,7,1,0
BRDA:66,8,0,0
BRDA:66,8,1,0
BRDA:69,9,0,0
BRDA:69,9,1,0
BRF:20
BRH:12
end_of_record
TN:
SF:controllers\book.controller.js
FN:6,(anonymous_0)
FN:20,(anonymous_1)
FN:28,(anonymous_2)
FN:36,(anonymous_3)
FN:46,(anonymous_4)
FNF:5
FNH:2
FNDA:8,(anonymous_0)
FNDA:0,(anonymous_1)
FNDA:2,(anonymous_2)
FNDA:0,(anonymous_3)
FNDA:0,(anonymous_4)
DA:1,5
DA:2,5
DA:5,5
DA:7,8
DA:8,8
DA:9,8
DA:10,8
DA:11,8
DA:12,8
DA:13,8
DA:15,0
DA:16,0
DA:21,0
DA:22,0
DA:23,0
DA:24,0
DA:25,0
DA:29,2
DA:30,2
DA:31,2
DA:32,1
DA:33,0
DA:37,0
DA:38,0
DA:39,0
DA:40,0
DA:41,0
DA:42,0
DA:43,0
DA:47,0
DA:48,0
DA:49,0
DA:50,0
DA:51,0
DA:52,0
LF:35
LH:14
BRDA:10,0,0,1
BRDA:10,0,1,7
BRDA:31,1,0,1
BRDA:31,1,1,1
BRDA:39,2,0,0
BRDA:39,2,1,0
BRDA:49,3,0,0
BRDA:49,3,1,0
BRF:8
BRH:4
end_of_record
TN:
SF:controllers\entry.controller.js
FN:5,(anonymous_0)
FN:15,(anonymous_1)
FN:81,(anonymous_2)
FN:103,(anonymous_3)
FNF:4
FNH:4
FNDA:1,(anonymous_0)
FNDA:4,(anonymous_1)
FNDA:2,(anonymous_2)
FNDA:2,(anonymous_3)
DA:1,5
DA:4,5
DA:6,1
DA:7,1
DA:11,1
DA:12,0
DA:16,4
DA:17,4
DA:18,4
DA:20,4
DA:23,4
DA:24,1
DA:28,3
DA:29,3
DA:30,1
DA:35,2
DA:36,2
DA:38,2
DA:39,0
DA:44,2
DA:46,2
DA:47,2
DA:50,2
DA:51,0
DA:53,2
DA:54,0
DA:57,2
DA:65,2
DA:72,2
DA:73,2
DA:75,0
DA:76,0
DA:77,0
DA:82,2
DA:83,2
DA:84,2
DA:85,1
DA:87,1
DA:88,1
DA:91,1
DA:92,0
DA:94,1
DA:95,0
DA:98,1
DA:99,1
DA:100,0
DA:104,2
DA:105,2
DA:106,2
DA:107,1
DA:108,1
DA:109,0
LF:52
LH:41
BRDA:23,0,0,1
BRDA:23,0,1,3
BRDA:29,1,0,1
BRDA:29,1,1,2
BRDA:29,2,0,3
BRDA:29,2,1,3
BRDA:36,3,0,2
BRDA:36,3,1,0
BRDA:38,4,0,0
BRDA:38,4,1,2
BRDA:46,5,0,1
BRDA:46,5,1,1
BRDA:46,6,0,2
BRDA:46,6,1,1
BRDA:46,6,2,1
BRDA:47,7,0,2
BRDA:47,7,1,0
BRDA:47,8,0,2
BRDA:47,8,1,2
BRDA:47,8,2,2
BRDA:50,9,0,0
BRDA:50,9,1,2
BRDA:50,10,0,2
BRDA:50,10,1,1
BRDA:53,11,0,0
BRDA:53,11,1,2
BRDA:53,12,0,2
BRDA:53,12,1,0
BRDA:84,13,0,1
BRDA:84,13,1,1
BRDA:84,14,0,2
BRDA:84,14,1,1
BRDA:87,15,0,0
BRDA:87,15,1,1
BRDA:87,16,0,1
BRDA:87,16,1,1
BRDA:87,16,2,1
BRDA:88,17,0,0
BRDA:88,17,1,1
BRDA:88,18,0,1
BRDA:88,18,1,1
BRDA:88,18,2,1
BRDA:91,19,0,0
BRDA:91,19,1,1
BRDA:91,20,0,1
BRDA:91,20,1,1
BRDA:94,21,0,0
BRDA:94,21,1,1
BRDA:94,22,0,1
BRDA:94,22,1,1
BRDA:106,23,0,1
BRDA:106,23,1,1
BRDA:106,24,0,2
BRDA:106,24,1,1
BRF:54
BRH:44
end_of_record
TN:
SF:controllers\favoritesController.js
FN:4,(anonymous_0)
FN:16,(anonymous_1)
FN:24,(anonymous_2)
FNF:3
FNH:2
FNDA:1,(anonymous_0)
FNDA:0,(anonymous_1)
FNDA:3,(anonymous_2)
DA:1,5
DA:3,5
DA:5,1
DA:6,1
DA:8,1
DA:16,1
DA:17,1
DA:20,0
DA:25,3
DA:26,3
DA:27,3
DA:29,3
DA:39,3
DA:40,2
DA:41,2
DA:44,3
DA:50,0
LF:17
LH:15
BRDA:39,0,0,2
BRDA:39,0,1,1
BRF:2
BRH:2
end_of_record
TN:
SF:controllers\userBook.controller.js
FN:5,(anonymous_0)
FN:16,(anonymous_1)
FN:45,(anonymous_2)
FN:64,(anonymous_3)
FNF:4
FNH:4
FNDA:1,(anonymous_0)
FNDA:4,(anonymous_1)
FNDA:2,(anonymous_2)
FNDA:2,(anonymous_3)
DA:1,5
DA:4,5
DA:6,1
DA:7,1
DA:12,1
DA:13,0
DA:17,4
DA:18,4
DA:21,4
DA:22,4
DA:23,2
DA:28,2
DA:30,2
DA:38,2
DA:40,0
DA:41,0
DA:46,2
DA:47,2
DA:48,2
DA:49,2
DA:51,2
DA:53,2
DA:60,2
DA:61,0
DA:65,2
DA:66,2
DA:67,2
DA:68,1
DA:69,1
DA:70,0
LF:30
LH:25
BRDA:22,0,0,2
BRDA:22,0,1,2
BRDA:22,1,0,4
BRDA:22,1,1,4
BRDA:28,2,0,2
BRDA:28,2,1,0
BRDA:28,3,0,2
BRDA:28,3,1,2
BRDA:28,3,2,2
BRDA:34,4,0,2
BRDA:34,4,1,2
BRDA:48,5,0,0
BRDA:48,5,1,2
BRDA:51,6,0,1
BRDA:51,6,1,1
BRDA:51,7,0,2
BRDA:51,7,1,2
BRDA:51,7,2,2
BRDA:55,8,0,2
BRDA:55,8,1,2
BRDA:67,9,0,1
BRDA:67,9,1,1
BRF:22
BRH:20
end_of_record
TN:
SF:helpers\jwt.js
FN:5,(anonymous_0)
FN:6,(anonymous_1)
FNF:2
FNH:2
FNDA:4,(anonymous_0)
FNDA:22,(anonymous_1)
DA:1,5
DA:2,5
DA:3,5
DA:5,5
DA:6,22
LF:5
LH:5
BRDA:2,0,0,5
BRDA:2,0,1,5
BRDA:3,1,0,5
BRDA:3,1,1,5
BRF:4
BRH:4
end_of_record
TN:
SF:middlewares\auth.js
FN:4,(anonymous_0)
FNF:1
FNH:1
FNDA:32,(anonymous_0)
DA:1,5
DA:2,5
DA:4,5
DA:5,32
DA:6,32
DA:7,32
DA:8,22
DA:9,22
DA:10,22
DA:11,22
DA:12,22
DA:13,22
DA:14,10
LF:13
LH:13
BRDA:7,0,0,10
BRDA:7,0,1,22
BRDA:11,1,0,0
BRDA:11,1,1,22
BRF:4
BRH:3
end_of_record
TN:
SF:middlewares\errorHandler.js
FN:1,(anonymous_0)
FNF:1
FNH:1
FNDA:16,(anonymous_0)
DA:1,5
DA:2,16
DA:3,16
DA:4,16
DA:5,16
DA:6,16
DA:8,16
DA:14,16
DA:15,16
LF:9
LH:9
BRDA:11,0,0,16
BRDA:11,0,1,13
BRDA:12,1,0,16
BRDA:12,1,1,13
BRDA:14,2,0,16
BRDA:14,2,1,0
BRF:6
BRH:5
end_of_record
